<?xml version="1.0" encoding="UTF-8"?>
<!-- Generated by org.testng.reporters.JUnitReportReporter -->
<testsuite hostname="RahulPersonal" failures="0" tests="1" name="automationdemopack.APITesting" time="3.248" errors="0" timestamp="2024-04-19T23:36:04 IST" skipped="0">
  <testcase classname="automationdemopack.APITesting" name="testSinglePageResponse" time="3.248"/>
</testsuite> <!-- automationdemopack.APITesting -->
