<?xml version="1.0" encoding="UTF-8"?>
<!-- Generated by org.testng.reporters.JUnitReportReporter -->
<testsuite hostname="RahulPersonal" failures="0" tests="2" name="automationdemopack.RegisterTest" time="75.026" errors="0" timestamp="2024-04-18T00:31:30 IST" skipped="0">
  <testcase classname="automationdemopack.RegisterTest" name="testRegiterFunctionality" time="37.414"/>
  <testcase classname="automationdemopack.RegisterTest" name="testRegiterFunctionality" time="37.612"/>
</testsuite> <!-- automationdemopack.RegisterTest -->
