<?xml version="1.0" encoding="UTF-8"?>
<!-- Generated by org.testng.reporters.JUnitReportReporter -->
<testsuite hostname="RahulPersonal" failures="0" tests="1" name="automationdemopack.RegisterTest" time="41.890" errors="0" timestamp="2024-04-20T16:35:35 IST" skipped="0">
  <testcase classname="automationdemopack.RegisterTest" name="testRegiterFunctionality" time="41.890"/>
</testsuite> <!-- automationdemopack.RegisterTest -->
